<?xml version="1.0" encoding="UTF-8"?>
<testng-results ignored="0" total="1" passed="1" failed="0" skipped="0">
  <reporter-output>
  </reporter-output>
  <suite started-at="2023-03-13T16:58:49 IST" name="Default suite" finished-at="2023-03-13T16:58:49 IST" duration-ms="105">
    <groups>
    </groups>
    <test started-at="2023-03-13T16:58:49 IST" name="Default test" finished-at="2023-03-13T16:58:49 IST" duration-ms="105">
      <class name="USTBATCHNO3.Testng.ConstructionSamudhraTest">
        <test-method signature="Construction()[pri:0, instance:USTBATCHNO3.Testng.ConstructionSamudhraTest@4b0b0854]" started-at="2023-03-13T16:58:49 IST" name="Construction" finished-at="2023-03-13T16:58:49 IST" duration-ms="22" status="PASS">
          <reporter-output>
          </reporter-output>
        </test-method> <!-- Construction -->
      </class> <!-- USTBATCHNO3.Testng.ConstructionSamudhraTest -->
    </test> <!-- Default test -->
  </suite> <!-- Default suite -->
</testng-results>
